Build started 5/16/2016 7:41:46 AM.
     1>Project "\\dav.edu\students\HS17$\jrceja99\my documents\visual studio 2013\Projects\A FINAL PROJECT\A FINAL PROJECT\A FINAL PROJECT.vcxproj" on node 2 (Build target(s)).
     1>ClCompile:
         C:\Program Files (x86)\Microsoft Visual Studio 12.0\VC\bin\CL.exe /c /ZI /nologo /W3 /WX- /sdl /Od /Oy- /D _MBCS /Gm /EHsc /RTC1 /MDd /GS /fp:precise /Zc:wchar_t /Zc:forScope /Fo"Debug\\" /Fd"Debug\vc120.pdb" /Gd /TP /analyze- /errorReport:prompt Map.cpp Player.cpp Source.cpp Tic.cpp
         Tic.cpp
         Source.cpp
     1>\\dav.edu\students\hs17$\jrceja99\my documents\visual studio 2013\projects\a final project\a final project\source.cpp(182): warning C4018: '<' : signed/unsigned mismatch
     1>\\dav.edu\students\hs17$\jrceja99\my documents\visual studio 2013\projects\a final project\a final project\source.cpp(188): warning C4018: '<' : signed/unsigned mismatch
     1>\\dav.edu\students\hs17$\jrceja99\my documents\visual studio 2013\projects\a final project\a final project\source.cpp(210): warning C4018: '<' : signed/unsigned mismatch
     1>\\dav.edu\students\hs17$\jrceja99\my documents\visual studio 2013\projects\a final project\a final project\source.cpp(216): warning C4018: '<' : signed/unsigned mismatch
     1>\\dav.edu\students\hs17$\jrceja99\my documents\visual studio 2013\projects\a final project\a final project\source.cpp(231): warning C4018: '<' : signed/unsigned mismatch
     1>\\dav.edu\students\hs17$\jrceja99\my documents\visual studio 2013\projects\a final project\a final project\source.cpp(261): warning C4018: '<' : signed/unsigned mismatch
         Player.cpp
         Map.cpp
         Generating Code...
       Link:
         C:\Program Files (x86)\Microsoft Visual Studio 12.0\VC\bin\link.exe /ERRORREPORT:PROMPT /OUT:"\\dav.edu\students\hs17$\jrceja99\my documents\visual studio 2013\Projects\A FINAL PROJECT\Debug\A FINAL PROJECT.exe" /INCREMENTAL /NOLOGO kernel32.lib user32.lib gdi32.lib winspool.lib comdlg32.lib advapi32.lib shell32.lib ole32.lib oleaut32.lib uuid.lib odbc32.lib odbccp32.lib /MANIFEST /MANIFESTUAC:"level='asInvoker' uiAccess='false'" /manifest:embed /DEBUG /PDB:"\\dav.edu\students\hs17$\jrceja99\my documents\visual studio 2013\Projects\A FINAL PROJECT\Debug\A FINAL PROJECT.pdb" /TLBID:1 /DYNAMICBASE /NXCOMPAT /IMPLIB:"\\dav.edu\students\hs17$\jrceja99\my documents\visual studio 2013\Projects\A FINAL PROJECT\Debug\A FINAL PROJECT.lib" /MACHINE:X86 Debug\Game.obj
         Debug\Map.obj
         Debug\Player.obj
         Debug\Schedule.obj
         Debug\Source.obj
         Debug\Tic.obj
         Debug\WordBank.obj
         A FINAL PROJECT.vcxproj -> \\dav.edu\students\hs17$\jrceja99\my documents\visual studio 2013\Projects\A FINAL PROJECT\Debug\A FINAL PROJECT.exe
     1>Done Building Project "\\dav.edu\students\HS17$\jrceja99\my documents\visual studio 2013\Projects\A FINAL PROJECT\A FINAL PROJECT\A FINAL PROJECT.vcxproj" (Build target(s)).

Build succeeded.

Time Elapsed 00:00:05.86
